  chessbot.cpp
D:\Programowanie\Moje\chessbot\chessbot.cpp(911,27): warning C4805: "==": niebezpieczne połączenie typu "int" oraz typu "bool" w operacji
D:\Programowanie\Moje\chessbot\chessbot.cpp(1224,21): warning C4244: "*=": konwersja z "float" do "int", możliwa utrata danych
D:\Programowanie\Moje\chessbot\chessbot.cpp(1313,34): warning C4267: "inicjowanie": konwersja z "size_t" do "int", możliwa utrata danych
D:\Programowanie\Moje\chessbot\chessbot.cpp(206,1): warning C4267: "argument": konwersja z "size_t" do "_Ty", możliwa utrata danych
          with
          [
              _Ty=int
          ]
D:\Programowanie\Moje\chessbot\chessbot.cpp(1252): message : zobacz odwołanie do kompilowanego tworzenia wystąpienia „T getRandomValue<Move>(const std::vector<Move,std::allocator<Move>> &)” funkcji szablon
          with
          [
              T=Move
          ]
  Trwa generowanie kodu
  2 of 945 functions ( 0.2%) were compiled, the rest were copied from previous compilation.
    0 functions were new in current compilation
    4 functions had inline decision re-evaluated but remain unchanged
  Zakończono generowanie kodu
  chessbot.vcxproj -> D:\Programowanie\Moje\chessbot\x64\Release\chessbot.exe
